<?xml version="1.0" encoding="UTF-8"?>
<testng-results skipped="0" failed="0" total="1" passed="1">
  <reporter-output>
  </reporter-output>
  <suite name="Default suite" duration-ms="28492" started-at="2020-10-29T11:10:31Z" finished-at="2020-10-29T11:10:59Z">
    <groups>
    </groups>
    <test name="Default test" duration-ms="28492" started-at="2020-10-29T11:10:31Z" finished-at="2020-10-29T11:10:59Z">
      <class name="com.guru99.banking.test.NewTest">
        <test-method status="PASS" signature="f()[pri:0, instance:com.guru99.banking.test.NewTest@1e0f4f]" name="f" duration-ms="28461" started-at="2020-10-29T16:40:31Z" finished-at="2020-10-29T16:40:59Z">
          <reporter-output>
          </reporter-output>
        </test-method> <!-- f -->
      </class> <!-- com.guru99.banking.test.NewTest -->
    </test> <!-- Default test -->
  </suite> <!-- Default suite -->
</testng-results>
